Arguments: 
  /usr/bin/node-18 /home/me/.npm-global/bin/yarn add @clayui/css @clayui/*

PATH: 
  /opt/java/ant/bin:/opt/java/jdk/bin:/home/me/.npm-global/bin:/opt/java/maven/bin:~/jpm/bin:/opt/java/ant/bin:/opt/java/jdk/bin:/home/me/.npm-global/bin:/opt/java/maven/bin:~/jpm/bin:/opt/java/ant/bin:/opt/java/jdk/bin:/home/me/.npm-global/bin:/opt/java/maven/bin:~/jpm/bin:/home/me/.local/bin:/home/me/bin:/usr/local/bin:/bin:/usr/bin:/usr/local/sbin:/usr/sbin:/sbin

Yarn version: 
  1.22.19

Node version: 
  18.17.1

Platform: 
  linux x64

Trace: 
  Error: https://registry.yarnpkg.com/@clayui%2f*: Not found
      at params.callback [as _callback] (/home/me/.npm-global/lib/node_modules/yarn/lib/cli.js:66145:18)
      at self.callback (/home/me/.npm-global/lib/node_modules/yarn/lib/cli.js:140890:22)
      at Request.emit (node:events:514:28)
      at Request.<anonymous> (/home/me/.npm-global/lib/node_modules/yarn/lib/cli.js:141862:10)
      at Request.emit (node:events:514:28)
      at IncomingMessage.<anonymous> (/home/me/.npm-global/lib/node_modules/yarn/lib/cli.js:141784:12)
      at Object.onceWrapper (node:events:628:28)
      at IncomingMessage.emit (node:events:526:35)
      at endReadableNT (node:internal/streams/readable:1359:12)
      at process.processTicksAndRejections (node:internal/process/task_queues:82:21)

npm manifest: 
  {
    "name": "Akram-Widget",
    "version": "1.0.0",
    "description": "Akram Widget",
    "devDependencies": {
      "liferay-npm-bundler": "^2.31.2",
      "liferay-npm-build-support": "^2.31.2",
      "copy-webpack-plugin": "4.6.0",
      "webpack": "4.29.6",
      "webpack-cli": "3.3.0",
      "webpack-dev-server": "3.2.1",
      "@babel/cli": "^7.7.5",
      "@babel/core": "^7.7.5",
      "@babel/preset-env": "^7.7.6",
      "@babel/preset-react": "^7.7.4"
    },
    "dependencies": {
      "@clayui/form": "^3.14.4",
      "react": "16.8.6",
      "react-dom": "16.8.6"
    },
    "scripts": {
      "build": "babel --source-maps -d build src && npm run copy-assets && liferay-npm-bundler",
      "copy-assets": "lnbs-copy-assets",
      "translate": "lnbs-translate",
      "start": "lnbs-start"
    },
    "portlet": {
      "com.liferay.portlet.display-category": "category.sample",
      "com.liferay.portlet.header-portlet-css": "/css/styles.css",
      "com.liferay.portlet.instanceable": true,
      "javax.portlet.name": "AkramWidget",
      "javax.portlet.security-role-ref": "power-user,user",
      "javax.portlet.resource-bundle": "content.Language"
    },
    "main": "index.js"
  }

yarn manifest: 
  No manifest

Lockfile: 
  No lockfile
